mode: atomic
github.com/bestbeforetoday/fabric-chaincode-go/v2/shim/internal/mock/client_stream.go:48.45,57.17 8 0
github.com/bestbeforetoday/fabric-chaincode-go/v2/shim/internal/mock/client_stream.go:57.17,59.3 1 0
github.com/bestbeforetoday/fabric-chaincode-go/v2/shim/internal/mock/client_stream.go:60.2,60.20 1 0
github.com/bestbeforetoday/fabric-chaincode-go/v2/shim/internal/mock/client_stream.go:60.20,62.3 1 0
github.com/bestbeforetoday/fabric-chaincode-go/v2/shim/internal/mock/client_stream.go:63.2,63.28 1 0
github.com/bestbeforetoday/fabric-chaincode-go/v2/shim/internal/mock/client_stream.go:66.52,70.2 3 0
github.com/bestbeforetoday/fabric-chaincode-go/v2/shim/internal/mock/client_stream.go:72.61,76.2 3 0
github.com/bestbeforetoday/fabric-chaincode-go/v2/shim/internal/mock/client_stream.go:78.59,85.2 4 0
github.com/bestbeforetoday/fabric-chaincode-go/v2/shim/internal/mock/client_stream.go:87.72,91.40 4 0
github.com/bestbeforetoday/fabric-chaincode-go/v2/shim/internal/mock/client_stream.go:91.40,95.3 1 0
github.com/bestbeforetoday/fabric-chaincode-go/v2/shim/internal/mock/client_stream.go:96.2,98.12 1 0
github.com/bestbeforetoday/fabric-chaincode-go/v2/shim/internal/mock/client_stream.go:101.66,110.17 8 0
github.com/bestbeforetoday/fabric-chaincode-go/v2/shim/internal/mock/client_stream.go:110.17,112.3 1 0
github.com/bestbeforetoday/fabric-chaincode-go/v2/shim/internal/mock/client_stream.go:113.2,113.20 1 0
github.com/bestbeforetoday/fabric-chaincode-go/v2/shim/internal/mock/client_stream.go:113.20,115.3 1 0
github.com/bestbeforetoday/fabric-chaincode-go/v2/shim/internal/mock/client_stream.go:116.2,116.49 1 0
github.com/bestbeforetoday/fabric-chaincode-go/v2/shim/internal/mock/client_stream.go:119.47,123.2 3 0
github.com/bestbeforetoday/fabric-chaincode-go/v2/shim/internal/mock/client_stream.go:125.82,129.2 3 0
github.com/bestbeforetoday/fabric-chaincode-go/v2/shim/internal/mock/client_stream.go:131.86,139.2 4 0
github.com/bestbeforetoday/fabric-chaincode-go/v2/shim/internal/mock/client_stream.go:141.99,145.35 4 0
github.com/bestbeforetoday/fabric-chaincode-go/v2/shim/internal/mock/client_stream.go:145.35,150.3 1 0
github.com/bestbeforetoday/fabric-chaincode-go/v2/shim/internal/mock/client_stream.go:151.2,154.21 1 0
github.com/bestbeforetoday/fabric-chaincode-go/v2/shim/internal/mock/client_stream.go:157.67,167.17 8 0
github.com/bestbeforetoday/fabric-chaincode-go/v2/shim/internal/mock/client_stream.go:167.17,169.3 1 0
github.com/bestbeforetoday/fabric-chaincode-go/v2/shim/internal/mock/client_stream.go:170.2,170.20 1 0
github.com/bestbeforetoday/fabric-chaincode-go/v2/shim/internal/mock/client_stream.go:170.20,172.3 1 0
github.com/bestbeforetoday/fabric-chaincode-go/v2/shim/internal/mock/client_stream.go:173.2,173.28 1 0
github.com/bestbeforetoday/fabric-chaincode-go/v2/shim/internal/mock/client_stream.go:176.47,180.2 3 0
github.com/bestbeforetoday/fabric-chaincode-go/v2/shim/internal/mock/client_stream.go:182.78,186.2 3 0
github.com/bestbeforetoday/fabric-chaincode-go/v2/shim/internal/mock/client_stream.go:188.73,193.2 4 0
github.com/bestbeforetoday/fabric-chaincode-go/v2/shim/internal/mock/client_stream.go:195.54,202.2 4 0
github.com/bestbeforetoday/fabric-chaincode-go/v2/shim/internal/mock/client_stream.go:204.67,208.35 4 0
github.com/bestbeforetoday/fabric-chaincode-go/v2/shim/internal/mock/client_stream.go:208.35,212.3 1 0
github.com/bestbeforetoday/fabric-chaincode-go/v2/shim/internal/mock/client_stream.go:213.2,215.12 1 0
github.com/bestbeforetoday/fabric-chaincode-go/v2/shim/internal/mock/client_stream.go:218.68,228.43 10 0
github.com/bestbeforetoday/fabric-chaincode-go/v2/shim/internal/mock/client_stream.go:228.43,230.3 1 0
github.com/bestbeforetoday/fabric-chaincode-go/v2/shim/internal/mock/client_stream.go:231.2,231.26 1 0
github.com/bestbeforetoday/fabric-chaincode-go/v2/shim/internal/mock/client_stream.go:234.76,237.29 3 0
github.com/bestbeforetoday/fabric-chaincode-go/v2/shim/internal/mock/client_stream.go:237.29,239.3 1 0
github.com/bestbeforetoday/fabric-chaincode-go/v2/shim/internal/mock/client_stream.go:240.2,240.34 1 0
github.com/bestbeforetoday/fabric-chaincode-go/v2/shim/internal/mock/client_stream.go:240.34,242.3 1 0
github.com/bestbeforetoday/fabric-chaincode-go/v2/shim/internal/mock/client_stream.go:243.2,243.61 1 0
github.com/bestbeforetoday/fabric-chaincode-go/v2/shim/internal/mock/peer_chaincode_stream.go:38.73,47.17 8 0
github.com/bestbeforetoday/fabric-chaincode-go/v2/shim/internal/mock/peer_chaincode_stream.go:47.17,49.3 1 0
github.com/bestbeforetoday/fabric-chaincode-go/v2/shim/internal/mock/peer_chaincode_stream.go:50.2,50.20 1 0
github.com/bestbeforetoday/fabric-chaincode-go/v2/shim/internal/mock/peer_chaincode_stream.go:50.20,52.3 1 0
github.com/bestbeforetoday/fabric-chaincode-go/v2/shim/internal/mock/peer_chaincode_stream.go:53.2,53.49 1 0
github.com/bestbeforetoday/fabric-chaincode-go/v2/shim/internal/mock/peer_chaincode_stream.go:56.54,60.2 3 0
github.com/bestbeforetoday/fabric-chaincode-go/v2/shim/internal/mock/peer_chaincode_stream.go:62.89,66.2 3 0
github.com/bestbeforetoday/fabric-chaincode-go/v2/shim/internal/mock/peer_chaincode_stream.go:68.93,76.2 4 0
github.com/bestbeforetoday/fabric-chaincode-go/v2/shim/internal/mock/peer_chaincode_stream.go:78.106,82.35 4 0
github.com/bestbeforetoday/fabric-chaincode-go/v2/shim/internal/mock/peer_chaincode_stream.go:82.35,87.3 1 0
github.com/bestbeforetoday/fabric-chaincode-go/v2/shim/internal/mock/peer_chaincode_stream.go:88.2,91.21 1 0
github.com/bestbeforetoday/fabric-chaincode-go/v2/shim/internal/mock/peer_chaincode_stream.go:94.74,104.17 8 0
github.com/bestbeforetoday/fabric-chaincode-go/v2/shim/internal/mock/peer_chaincode_stream.go:104.17,106.3 1 0
github.com/bestbeforetoday/fabric-chaincode-go/v2/shim/internal/mock/peer_chaincode_stream.go:107.2,107.20 1 0
github.com/bestbeforetoday/fabric-chaincode-go/v2/shim/internal/mock/peer_chaincode_stream.go:107.20,109.3 1 0
github.com/bestbeforetoday/fabric-chaincode-go/v2/shim/internal/mock/peer_chaincode_stream.go:110.2,110.28 1 0
github.com/bestbeforetoday/fabric-chaincode-go/v2/shim/internal/mock/peer_chaincode_stream.go:113.54,117.2 3 0
github.com/bestbeforetoday/fabric-chaincode-go/v2/shim/internal/mock/peer_chaincode_stream.go:119.85,123.2 3 0
github.com/bestbeforetoday/fabric-chaincode-go/v2/shim/internal/mock/peer_chaincode_stream.go:125.80,130.2 4 0
github.com/bestbeforetoday/fabric-chaincode-go/v2/shim/internal/mock/peer_chaincode_stream.go:132.61,139.2 4 0
github.com/bestbeforetoday/fabric-chaincode-go/v2/shim/internal/mock/peer_chaincode_stream.go:141.74,145.35 4 0
github.com/bestbeforetoday/fabric-chaincode-go/v2/shim/internal/mock/peer_chaincode_stream.go:145.35,149.3 1 0
github.com/bestbeforetoday/fabric-chaincode-go/v2/shim/internal/mock/peer_chaincode_stream.go:150.2,152.12 1 0
github.com/bestbeforetoday/fabric-chaincode-go/v2/shim/internal/mock/peer_chaincode_stream.go:155.75,163.43 8 0
github.com/bestbeforetoday/fabric-chaincode-go/v2/shim/internal/mock/peer_chaincode_stream.go:163.43,165.3 1 0
github.com/bestbeforetoday/fabric-chaincode-go/v2/shim/internal/mock/peer_chaincode_stream.go:166.2,166.26 1 0
github.com/bestbeforetoday/fabric-chaincode-go/v2/shim/internal/mock/peer_chaincode_stream.go:169.83,172.29 3 0
github.com/bestbeforetoday/fabric-chaincode-go/v2/shim/internal/mock/peer_chaincode_stream.go:172.29,174.3 1 0
github.com/bestbeforetoday/fabric-chaincode-go/v2/shim/internal/mock/peer_chaincode_stream.go:175.2,175.34 1 0
github.com/bestbeforetoday/fabric-chaincode-go/v2/shim/internal/mock/peer_chaincode_stream.go:175.34,177.3 1 0
github.com/bestbeforetoday/fabric-chaincode-go/v2/shim/internal/mock/peer_chaincode_stream.go:178.2,178.61 1 0
github.com/bestbeforetoday/fabric-chaincode-go/v2/pkg/attrmgr/attrmgr.go:45.17,45.34 1 2
github.com/bestbeforetoday/fabric-chaincode-go/v2/pkg/attrmgr/attrmgr.go:52.132,54.16 2 2
github.com/bestbeforetoday/fabric-chaincode-go/v2/pkg/attrmgr/attrmgr.go:54.16,56.3 1 1
github.com/bestbeforetoday/fabric-chaincode-go/v2/pkg/attrmgr/attrmgr.go:57.2,57.45 1 1
github.com/bestbeforetoday/fabric-chaincode-go/v2/pkg/attrmgr/attrmgr.go:62.116,67.31 4 2
github.com/bestbeforetoday/fabric-chaincode-go/v2/pkg/attrmgr/attrmgr.go:67.31,71.18 3 5
github.com/bestbeforetoday/fabric-chaincode-go/v2/pkg/attrmgr/attrmgr.go:71.18,72.24 1 2
github.com/bestbeforetoday/fabric-chaincode-go/v2/pkg/attrmgr/attrmgr.go:72.24,75.5 1 1
github.com/bestbeforetoday/fabric-chaincode-go/v2/pkg/attrmgr/attrmgr.go:77.4,77.12 1 2
github.com/bestbeforetoday/fabric-chaincode-go/v2/pkg/attrmgr/attrmgr.go:79.3,79.35 1 3
github.com/bestbeforetoday/fabric-chaincode-go/v2/pkg/attrmgr/attrmgr.go:81.2,81.35 1 2
github.com/bestbeforetoday/fabric-chaincode-go/v2/pkg/attrmgr/attrmgr.go:81.35,84.3 1 1
github.com/bestbeforetoday/fabric-chaincode-go/v2/pkg/attrmgr/attrmgr.go:85.2,85.19 1 1
github.com/bestbeforetoday/fabric-chaincode-go/v2/pkg/attrmgr/attrmgr.go:89.86,91.16 2 1
github.com/bestbeforetoday/fabric-chaincode-go/v2/pkg/attrmgr/attrmgr.go:91.16,93.3 1 0
github.com/bestbeforetoday/fabric-chaincode-go/v2/pkg/attrmgr/attrmgr.go:94.2,100.12 3 1
github.com/bestbeforetoday/fabric-chaincode-go/v2/pkg/attrmgr/attrmgr.go:104.84,107.16 2 2
github.com/bestbeforetoday/fabric-chaincode-go/v2/pkg/attrmgr/attrmgr.go:107.16,109.3 1 0
github.com/bestbeforetoday/fabric-chaincode-go/v2/pkg/attrmgr/attrmgr.go:111.2,112.16 2 2
github.com/bestbeforetoday/fabric-chaincode-go/v2/pkg/attrmgr/attrmgr.go:112.16,114.17 2 1
github.com/bestbeforetoday/fabric-chaincode-go/v2/pkg/attrmgr/attrmgr.go:114.17,116.4 1 0
github.com/bestbeforetoday/fabric-chaincode-go/v2/pkg/attrmgr/attrmgr.go:118.2,118.19 1 2
github.com/bestbeforetoday/fabric-chaincode-go/v2/pkg/attrmgr/attrmgr.go:122.78,123.20 1 2
github.com/bestbeforetoday/fabric-chaincode-go/v2/pkg/attrmgr/attrmgr.go:123.20,125.3 1 1
github.com/bestbeforetoday/fabric-chaincode-go/v2/pkg/attrmgr/attrmgr.go:127.2,129.16 3 1
github.com/bestbeforetoday/fabric-chaincode-go/v2/pkg/attrmgr/attrmgr.go:129.16,131.3 1 0
github.com/bestbeforetoday/fabric-chaincode-go/v2/pkg/attrmgr/attrmgr.go:132.2,134.16 3 1
github.com/bestbeforetoday/fabric-chaincode-go/v2/pkg/attrmgr/attrmgr.go:134.16,136.3 1 0
github.com/bestbeforetoday/fabric-chaincode-go/v2/pkg/attrmgr/attrmgr.go:138.2,144.16 4 1
github.com/bestbeforetoday/fabric-chaincode-go/v2/pkg/attrmgr/attrmgr.go:144.16,146.3 1 0
github.com/bestbeforetoday/fabric-chaincode-go/v2/pkg/attrmgr/attrmgr.go:147.2,151.16 4 1
github.com/bestbeforetoday/fabric-chaincode-go/v2/pkg/attrmgr/attrmgr.go:151.16,153.3 1 0
github.com/bestbeforetoday/fabric-chaincode-go/v2/pkg/attrmgr/attrmgr.go:154.2,155.19 2 1
github.com/bestbeforetoday/fabric-chaincode-go/v2/pkg/attrmgr/attrmgr.go:156.9,157.21 1 1
github.com/bestbeforetoday/fabric-chaincode-go/v2/pkg/attrmgr/attrmgr.go:158.9,159.20 1 0
github.com/bestbeforetoday/fabric-chaincode-go/v2/pkg/attrmgr/attrmgr.go:160.9,161.21 1 0
github.com/bestbeforetoday/fabric-chaincode-go/v2/pkg/attrmgr/attrmgr.go:162.9,163.19 1 0
github.com/bestbeforetoday/fabric-chaincode-go/v2/pkg/attrmgr/attrmgr.go:165.2,167.19 2 1
github.com/bestbeforetoday/fabric-chaincode-go/v2/pkg/attrmgr/attrmgr.go:176.39,179.28 3 3
github.com/bestbeforetoday/fabric-chaincode-go/v2/pkg/attrmgr/attrmgr.go:179.28,182.3 2 5
github.com/bestbeforetoday/fabric-chaincode-go/v2/pkg/attrmgr/attrmgr.go:183.2,183.14 1 3
github.com/bestbeforetoday/fabric-chaincode-go/v2/pkg/attrmgr/attrmgr.go:187.49,190.2 2 7
github.com/bestbeforetoday/fabric-chaincode-go/v2/pkg/attrmgr/attrmgr.go:193.63,196.2 2 8
github.com/bestbeforetoday/fabric-chaincode-go/v2/pkg/attrmgr/attrmgr.go:200.46,202.16 2 1
github.com/bestbeforetoday/fabric-chaincode-go/v2/pkg/attrmgr/attrmgr.go:202.16,204.3 1 0
github.com/bestbeforetoday/fabric-chaincode-go/v2/pkg/attrmgr/attrmgr.go:205.2,205.9 1 1
github.com/bestbeforetoday/fabric-chaincode-go/v2/pkg/attrmgr/attrmgr.go:205.9,207.3 1 0
github.com/bestbeforetoday/fabric-chaincode-go/v2/pkg/attrmgr/attrmgr.go:208.2,208.19 1 1
github.com/bestbeforetoday/fabric-chaincode-go/v2/pkg/attrmgr/attrmgr.go:208.19,210.3 1 0
github.com/bestbeforetoday/fabric-chaincode-go/v2/pkg/attrmgr/attrmgr.go:211.2,211.12 1 1
github.com/bestbeforetoday/fabric-chaincode-go/v2/pkg/attrmgr/attrmgr.go:215.68,216.38 1 2
github.com/bestbeforetoday/fabric-chaincode-go/v2/pkg/attrmgr/attrmgr.go:216.38,217.24 1 1
github.com/bestbeforetoday/fabric-chaincode-go/v2/pkg/attrmgr/attrmgr.go:217.24,219.4 1 1
github.com/bestbeforetoday/fabric-chaincode-go/v2/pkg/attrmgr/attrmgr.go:221.2,221.17 1 1
github.com/bestbeforetoday/fabric-chaincode-go/v2/pkg/attrmgr/attrmgr.go:225.48,226.30 1 1
github.com/bestbeforetoday/fabric-chaincode-go/v2/pkg/attrmgr/attrmgr.go:226.30,228.3 1 0
github.com/bestbeforetoday/fabric-chaincode-go/v2/pkg/attrmgr/attrmgr.go:229.2,229.28 1 1
github.com/bestbeforetoday/fabric-chaincode-go/v2/pkg/attrmgr/attrmgr.go:229.28,230.26 1 9
github.com/bestbeforetoday/fabric-chaincode-go/v2/pkg/attrmgr/attrmgr.go:230.26,232.4 1 0
github.com/bestbeforetoday/fabric-chaincode-go/v2/pkg/attrmgr/attrmgr.go:234.2,234.13 1 1
github.com/bestbeforetoday/fabric-chaincode-go/v2/pkg/attrmgr/attrmgr.go:238.62,239.29 1 5
github.com/bestbeforetoday/fabric-chaincode-go/v2/pkg/attrmgr/attrmgr.go:239.29,240.29 1 15
github.com/bestbeforetoday/fabric-chaincode-go/v2/pkg/attrmgr/attrmgr.go:240.29,242.4 1 3
github.com/bestbeforetoday/fabric-chaincode-go/v2/pkg/attrmgr/attrmgr.go:244.2,244.12 1 2
github.com/bestbeforetoday/fabric-chaincode-go/v2/pkg/statebased/interfaces.go:25.52,27.2 1 1
github.com/bestbeforetoday/fabric-chaincode-go/v2/pkg/statebased/statebasedimpl.go:22.62,24.19 2 3
github.com/bestbeforetoday/fabric-chaincode-go/v2/pkg/statebased/statebasedimpl.go:24.19,26.54 2 2
github.com/bestbeforetoday/fabric-chaincode-go/v2/pkg/statebased/statebasedimpl.go:26.54,28.4 1 0
github.com/bestbeforetoday/fabric-chaincode-go/v2/pkg/statebased/statebasedimpl.go:30.3,31.17 2 2
github.com/bestbeforetoday/fabric-chaincode-go/v2/pkg/statebased/statebasedimpl.go:31.17,33.4 1 0
github.com/bestbeforetoday/fabric-chaincode-go/v2/pkg/statebased/statebasedimpl.go:35.2,35.15 1 3
github.com/bestbeforetoday/fabric-chaincode-go/v2/pkg/statebased/statebasedimpl.go:39.44,41.16 2 2
github.com/bestbeforetoday/fabric-chaincode-go/v2/pkg/statebased/statebasedimpl.go:41.16,43.3 1 0
github.com/bestbeforetoday/fabric-chaincode-go/v2/pkg/statebased/statebasedimpl.go:44.2,45.16 2 2
github.com/bestbeforetoday/fabric-chaincode-go/v2/pkg/statebased/statebasedimpl.go:45.16,47.3 1 0
github.com/bestbeforetoday/fabric-chaincode-go/v2/pkg/statebased/statebasedimpl.go:48.2,48.21 1 2
github.com/bestbeforetoday/fabric-chaincode-go/v2/pkg/statebased/statebasedimpl.go:52.67,54.14 2 3
github.com/bestbeforetoday/fabric-chaincode-go/v2/pkg/statebased/statebasedimpl.go:55.22,56.31 1 0
github.com/bestbeforetoday/fabric-chaincode-go/v2/pkg/statebased/statebasedimpl.go:57.20,58.29 1 2
github.com/bestbeforetoday/fabric-chaincode-go/v2/pkg/statebased/statebasedimpl.go:59.10,60.52 1 1
github.com/bestbeforetoday/fabric-chaincode-go/v2/pkg/statebased/statebasedimpl.go:64.2,64.33 1 2
github.com/bestbeforetoday/fabric-chaincode-go/v2/pkg/statebased/statebasedimpl.go:64.33,66.3 1 2
github.com/bestbeforetoday/fabric-chaincode-go/v2/pkg/statebased/statebasedimpl.go:68.2,68.12 1 2
github.com/bestbeforetoday/fabric-chaincode-go/v2/pkg/statebased/statebasedimpl.go:72.46,73.33 1 1
github.com/bestbeforetoday/fabric-chaincode-go/v2/pkg/statebased/statebasedimpl.go:73.33,75.3 1 1
github.com/bestbeforetoday/fabric-chaincode-go/v2/pkg/statebased/statebasedimpl.go:79.39,81.28 2 4
github.com/bestbeforetoday/fabric-chaincode-go/v2/pkg/statebased/statebasedimpl.go:81.28,83.3 1 4
github.com/bestbeforetoday/fabric-chaincode-go/v2/pkg/statebased/statebasedimpl.go:84.2,84.17 1 4
github.com/bestbeforetoday/fabric-chaincode-go/v2/pkg/statebased/statebasedimpl.go:87.77,89.41 1 2
github.com/bestbeforetoday/fabric-chaincode-go/v2/pkg/statebased/statebasedimpl.go:89.41,91.64 1 2
github.com/bestbeforetoday/fabric-chaincode-go/v2/pkg/statebased/statebasedimpl.go:91.64,94.18 3 2
github.com/bestbeforetoday/fabric-chaincode-go/v2/pkg/statebased/statebasedimpl.go:94.18,96.5 1 0
github.com/bestbeforetoday/fabric-chaincode-go/v2/pkg/statebased/statebasedimpl.go:97.4,97.58 1 2
github.com/bestbeforetoday/fabric-chaincode-go/v2/pkg/statebased/statebasedimpl.go:100.2,100.12 1 2
github.com/bestbeforetoday/fabric-chaincode-go/v2/pkg/statebased/statebasedimpl.go:103.79,108.28 5 2
github.com/bestbeforetoday/fabric-chaincode-go/v2/pkg/statebased/statebasedimpl.go:108.28,115.17 2 2
github.com/bestbeforetoday/fabric-chaincode-go/v2/pkg/statebased/statebasedimpl.go:115.17,117.4 1 0
github.com/bestbeforetoday/fabric-chaincode-go/v2/pkg/statebased/statebasedimpl.go:118.3,126.4 2 2
github.com/bestbeforetoday/fabric-chaincode-go/v2/pkg/statebased/statebasedimpl.go:130.2,142.15 2 2
github.com/bestbeforetoday/fabric-chaincode-go/v2/pkg/cid/cid.go:22.57,24.16 2 2
github.com/bestbeforetoday/fabric-chaincode-go/v2/pkg/cid/cid.go:24.16,26.3 1 0
github.com/bestbeforetoday/fabric-chaincode-go/v2/pkg/cid/cid.go:27.2,27.18 1 2
github.com/bestbeforetoday/fabric-chaincode-go/v2/pkg/cid/cid.go:32.60,34.16 2 1
github.com/bestbeforetoday/fabric-chaincode-go/v2/pkg/cid/cid.go:34.16,36.3 1 0
github.com/bestbeforetoday/fabric-chaincode-go/v2/pkg/cid/cid.go:37.2,37.21 1 1
github.com/bestbeforetoday/fabric-chaincode-go/v2/pkg/cid/cid.go:41.108,43.16 2 1
github.com/bestbeforetoday/fabric-chaincode-go/v2/pkg/cid/cid.go:43.16,45.3 1 0
github.com/bestbeforetoday/fabric-chaincode-go/v2/pkg/cid/cid.go:46.2,46.38 1 1
github.com/bestbeforetoday/fabric-chaincode-go/v2/pkg/cid/cid.go:50.90,52.16 2 3
github.com/bestbeforetoday/fabric-chaincode-go/v2/pkg/cid/cid.go:52.16,54.3 1 0
github.com/bestbeforetoday/fabric-chaincode-go/v2/pkg/cid/cid.go:55.2,55.52 1 3
github.com/bestbeforetoday/fabric-chaincode-go/v2/pkg/cid/cid.go:59.76,61.16 2 3
github.com/bestbeforetoday/fabric-chaincode-go/v2/pkg/cid/cid.go:61.16,63.3 1 0
github.com/bestbeforetoday/fabric-chaincode-go/v2/pkg/cid/cid.go:64.2,64.30 1 3
github.com/bestbeforetoday/fabric-chaincode-go/v2/pkg/cid/cid.go:69.81,71.16 2 1
github.com/bestbeforetoday/fabric-chaincode-go/v2/pkg/cid/cid.go:71.16,73.3 1 0
github.com/bestbeforetoday/fabric-chaincode-go/v2/pkg/cid/cid.go:74.2,74.31 1 1
github.com/bestbeforetoday/fabric-chaincode-go/v2/pkg/cid/cid.go:86.58,89.16 3 16
github.com/bestbeforetoday/fabric-chaincode-go/v2/pkg/cid/cid.go:89.16,91.3 1 2
github.com/bestbeforetoday/fabric-chaincode-go/v2/pkg/cid/cid.go:92.2,92.15 1 14
github.com/bestbeforetoday/fabric-chaincode-go/v2/pkg/cid/cid.go:96.44,99.19 1 2
github.com/bestbeforetoday/fabric-chaincode-go/v2/pkg/cid/cid.go:99.19,101.3 1 1
github.com/bestbeforetoday/fabric-chaincode-go/v2/pkg/cid/cid.go:105.2,106.59 2 1
github.com/bestbeforetoday/fabric-chaincode-go/v2/pkg/cid/cid.go:111.47,113.2 1 1
github.com/bestbeforetoday/fabric-chaincode-go/v2/pkg/cid/cid.go:116.93,117.20 1 9
github.com/bestbeforetoday/fabric-chaincode-go/v2/pkg/cid/cid.go:117.20,119.3 1 0
github.com/bestbeforetoday/fabric-chaincode-go/v2/pkg/cid/cid.go:120.2,120.32 1 9
github.com/bestbeforetoday/fabric-chaincode-go/v2/pkg/cid/cid.go:124.75,126.16 2 3
github.com/bestbeforetoday/fabric-chaincode-go/v2/pkg/cid/cid.go:126.16,128.3 1 0
github.com/bestbeforetoday/fabric-chaincode-go/v2/pkg/cid/cid.go:129.2,129.9 1 3
github.com/bestbeforetoday/fabric-chaincode-go/v2/pkg/cid/cid.go:129.9,131.3 1 1
github.com/bestbeforetoday/fabric-chaincode-go/v2/pkg/cid/cid.go:132.2,132.22 1 2
github.com/bestbeforetoday/fabric-chaincode-go/v2/pkg/cid/cid.go:132.22,134.3 1 1
github.com/bestbeforetoday/fabric-chaincode-go/v2/pkg/cid/cid.go:135.2,135.12 1 1
github.com/bestbeforetoday/fabric-chaincode-go/v2/pkg/cid/cid.go:139.61,141.21 2 3
github.com/bestbeforetoday/fabric-chaincode-go/v2/pkg/cid/cid.go:141.21,144.3 1 0
github.com/bestbeforetoday/fabric-chaincode-go/v2/pkg/cid/cid.go:146.2,146.57 1 3
github.com/bestbeforetoday/fabric-chaincode-go/v2/pkg/cid/cid.go:146.57,147.20 1 2
github.com/bestbeforetoday/fabric-chaincode-go/v2/pkg/cid/cid.go:147.20,149.4 1 1
github.com/bestbeforetoday/fabric-chaincode-go/v2/pkg/cid/cid.go:151.2,151.19 1 2
github.com/bestbeforetoday/fabric-chaincode-go/v2/pkg/cid/cid.go:156.68,158.2 1 2
github.com/bestbeforetoday/fabric-chaincode-go/v2/pkg/cid/cid.go:161.33,163.16 2 16
github.com/bestbeforetoday/fabric-chaincode-go/v2/pkg/cid/cid.go:163.16,165.3 1 2
github.com/bestbeforetoday/fabric-chaincode-go/v2/pkg/cid/cid.go:166.2,169.18 4 14
github.com/bestbeforetoday/fabric-chaincode-go/v2/pkg/cid/cid.go:169.18,171.17 2 2
github.com/bestbeforetoday/fabric-chaincode-go/v2/pkg/cid/cid.go:171.17,173.4 1 0
github.com/bestbeforetoday/fabric-chaincode-go/v2/pkg/cid/cid.go:174.3,174.13 1 2
github.com/bestbeforetoday/fabric-chaincode-go/v2/pkg/cid/cid.go:176.2,177.16 2 12
github.com/bestbeforetoday/fabric-chaincode-go/v2/pkg/cid/cid.go:177.16,179.3 1 0
github.com/bestbeforetoday/fabric-chaincode-go/v2/pkg/cid/cid.go:180.2,182.16 3 12
github.com/bestbeforetoday/fabric-chaincode-go/v2/pkg/cid/cid.go:182.16,184.3 1 0
github.com/bestbeforetoday/fabric-chaincode-go/v2/pkg/cid/cid.go:185.2,186.12 2 12
github.com/bestbeforetoday/fabric-chaincode-go/v2/pkg/cid/cid.go:191.67,194.34 3 16
github.com/bestbeforetoday/fabric-chaincode-go/v2/pkg/cid/cid.go:194.34,196.3 1 1
github.com/bestbeforetoday/fabric-chaincode-go/v2/pkg/cid/cid.go:197.2,198.16 2 15
github.com/bestbeforetoday/fabric-chaincode-go/v2/pkg/cid/cid.go:198.16,200.3 1 1
github.com/bestbeforetoday/fabric-chaincode-go/v2/pkg/cid/cid.go:201.2,201.17 1 14
github.com/bestbeforetoday/fabric-chaincode-go/v2/pkg/cid/cid.go:204.52,206.34 2 2
github.com/bestbeforetoday/fabric-chaincode-go/v2/pkg/cid/cid.go:206.34,208.3 1 0
github.com/bestbeforetoday/fabric-chaincode-go/v2/pkg/cid/cid.go:209.2,210.16 2 2
github.com/bestbeforetoday/fabric-chaincode-go/v2/pkg/cid/cid.go:210.16,212.3 1 0
github.com/bestbeforetoday/fabric-chaincode-go/v2/pkg/cid/cid.go:213.2,214.12 2 2
github.com/bestbeforetoday/fabric-chaincode-go/v2/pkg/cid/cid.go:221.36,224.30 3 2
github.com/bestbeforetoday/fabric-chaincode-go/v2/pkg/cid/cid.go:224.30,226.12 2 11
github.com/bestbeforetoday/fabric-chaincode-go/v2/pkg/cid/cid.go:226.12,228.4 1 9
github.com/bestbeforetoday/fabric-chaincode-go/v2/pkg/cid/cid.go:229.3,229.26 1 11
github.com/bestbeforetoday/fabric-chaincode-go/v2/pkg/cid/cid.go:229.26,230.13 1 11
github.com/bestbeforetoday/fabric-chaincode-go/v2/pkg/cid/cid.go:230.13,232.5 1 0
github.com/bestbeforetoday/fabric-chaincode-go/v2/pkg/cid/cid.go:233.4,235.11 3 11
github.com/bestbeforetoday/fabric-chaincode-go/v2/pkg/cid/cid.go:235.11,237.19 2 0
github.com/bestbeforetoday/fabric-chaincode-go/v2/pkg/cid/cid.go:237.19,239.14 2 0
github.com/bestbeforetoday/fabric-chaincode-go/v2/pkg/cid/cid.go:241.5,241.26 1 0
github.com/bestbeforetoday/fabric-chaincode-go/v2/pkg/cid/cid.go:243.4,246.36 4 11
github.com/bestbeforetoday/fabric-chaincode-go/v2/pkg/cid/cid.go:246.36,248.46 1 93
github.com/bestbeforetoday/fabric-chaincode-go/v2/pkg/cid/cid.go:248.46,252.14 4 0
github.com/bestbeforetoday/fabric-chaincode-go/v2/pkg/cid/cid.go:254.5,254.14 1 93
github.com/bestbeforetoday/fabric-chaincode-go/v2/pkg/cid/cid.go:255.45,258.21 3 0
github.com/bestbeforetoday/fabric-chaincode-go/v2/pkg/cid/cid.go:261.4,262.33 2 11
github.com/bestbeforetoday/fabric-chaincode-go/v2/pkg/cid/cid.go:265.2,265.10 1 2
github.com/bestbeforetoday/fabric-chaincode-go/v2/shim/chaincodeserver.go:41.79,43.2 1 0
github.com/bestbeforetoday/fabric-chaincode-go/v2/shim/chaincodeserver.go:46.42,47.19 1 7
github.com/bestbeforetoday/fabric-chaincode-go/v2/shim/chaincodeserver.go:47.19,49.3 1 1
github.com/bestbeforetoday/fabric-chaincode-go/v2/shim/chaincodeserver.go:51.2,51.22 1 6
github.com/bestbeforetoday/fabric-chaincode-go/v2/shim/chaincodeserver.go:51.22,53.3 1 1
github.com/bestbeforetoday/fabric-chaincode-go/v2/shim/chaincodeserver.go:55.2,55.18 1 5
github.com/bestbeforetoday/fabric-chaincode-go/v2/shim/chaincodeserver.go:55.18,57.3 1 1
github.com/bestbeforetoday/fabric-chaincode-go/v2/shim/chaincodeserver.go:59.2,61.27 3 4
github.com/bestbeforetoday/fabric-chaincode-go/v2/shim/chaincodeserver.go:61.27,63.17 2 2
github.com/bestbeforetoday/fabric-chaincode-go/v2/shim/chaincodeserver.go:63.17,65.4 1 2
github.com/bestbeforetoday/fabric-chaincode-go/v2/shim/chaincodeserver.go:69.2,70.16 2 2
github.com/bestbeforetoday/fabric-chaincode-go/v2/shim/chaincodeserver.go:70.16,72.3 1 2
github.com/bestbeforetoday/fabric-chaincode-go/v2/shim/chaincodeserver.go:75.2,78.23 2 0
github.com/bestbeforetoday/fabric-chaincode-go/v2/shim/handler.go:58.36,59.19 1 18
github.com/bestbeforetoday/fabric-chaincode-go/v2/shim/handler.go:59.19,61.3 1 18
github.com/bestbeforetoday/fabric-chaincode-go/v2/shim/handler.go:62.2,62.18 1 0
github.com/bestbeforetoday/fabric-chaincode-go/v2/shim/handler.go:66.64,71.2 3 60
github.com/bestbeforetoday/fabric-chaincode-go/v2/shim/handler.go:76.82,77.12 1 5
github.com/bestbeforetoday/fabric-chaincode-go/v2/shim/handler.go:77.12,79.3 1 5
github.com/bestbeforetoday/fabric-chaincode-go/v2/shim/handler.go:84.56,86.2 1 139
github.com/bestbeforetoday/fabric-chaincode-go/v2/shim/handler.go:88.104,92.31 3 57
github.com/bestbeforetoday/fabric-chaincode-go/v2/shim/handler.go:92.31,94.3 1 11
github.com/bestbeforetoday/fabric-chaincode-go/v2/shim/handler.go:96.2,97.40 2 46
github.com/bestbeforetoday/fabric-chaincode-go/v2/shim/handler.go:97.40,99.3 1 0
github.com/bestbeforetoday/fabric-chaincode-go/v2/shim/handler.go:101.2,103.26 3 46
github.com/bestbeforetoday/fabric-chaincode-go/v2/shim/handler.go:106.65,109.31 3 46
github.com/bestbeforetoday/fabric-chaincode-go/v2/shim/handler.go:109.31,112.3 2 46
github.com/bestbeforetoday/fabric-chaincode-go/v2/shim/handler.go:115.68,119.31 3 47
github.com/bestbeforetoday/fabric-chaincode-go/v2/shim/handler.go:119.31,121.3 1 0
github.com/bestbeforetoday/fabric-chaincode-go/v2/shim/handler.go:123.2,125.23 3 47
github.com/bestbeforetoday/fabric-chaincode-go/v2/shim/handler.go:125.23,127.3 1 1
github.com/bestbeforetoday/fabric-chaincode-go/v2/shim/handler.go:128.2,129.12 2 46
github.com/bestbeforetoday/fabric-chaincode-go/v2/shim/handler.go:136.135,138.16 2 46
github.com/bestbeforetoday/fabric-chaincode-go/v2/shim/handler.go:138.16,140.3 1 0
github.com/bestbeforetoday/fabric-chaincode-go/v2/shim/handler.go:142.2,143.20 2 46
github.com/bestbeforetoday/fabric-chaincode-go/v2/shim/handler.go:147.92,154.2 1 5
github.com/bestbeforetoday/fabric-chaincode-go/v2/shim/handler.go:158.113,160.16 2 4
github.com/bestbeforetoday/fabric-chaincode-go/v2/shim/handler.go:160.16,162.3 1 2
github.com/bestbeforetoday/fabric-chaincode-go/v2/shim/handler.go:163.2,163.31 1 4
github.com/bestbeforetoday/fabric-chaincode-go/v2/shim/handler.go:167.90,171.16 3 2
github.com/bestbeforetoday/fabric-chaincode-go/v2/shim/handler.go:171.16,173.3 1 1
github.com/bestbeforetoday/fabric-chaincode-go/v2/shim/handler.go:176.2,177.16 2 1
github.com/bestbeforetoday/fabric-chaincode-go/v2/shim/handler.go:177.16,179.3 1 0
github.com/bestbeforetoday/fabric-chaincode-go/v2/shim/handler.go:181.2,182.25 2 1
github.com/bestbeforetoday/fabric-chaincode-go/v2/shim/handler.go:182.25,184.3 1 0
github.com/bestbeforetoday/fabric-chaincode-go/v2/shim/handler.go:186.2,187.16 2 1
github.com/bestbeforetoday/fabric-chaincode-go/v2/shim/handler.go:187.16,189.3 1 0
github.com/bestbeforetoday/fabric-chaincode-go/v2/shim/handler.go:191.2,191.174 1 1
github.com/bestbeforetoday/fabric-chaincode-go/v2/shim/handler.go:195.97,199.16 3 2
github.com/bestbeforetoday/fabric-chaincode-go/v2/shim/handler.go:199.16,201.3 1 1
github.com/bestbeforetoday/fabric-chaincode-go/v2/shim/handler.go:204.2,205.16 2 1
github.com/bestbeforetoday/fabric-chaincode-go/v2/shim/handler.go:205.16,207.3 1 0
github.com/bestbeforetoday/fabric-chaincode-go/v2/shim/handler.go:209.2,213.16 3 1
github.com/bestbeforetoday/fabric-chaincode-go/v2/shim/handler.go:213.16,215.3 1 0
github.com/bestbeforetoday/fabric-chaincode-go/v2/shim/handler.go:217.2,217.174 1 1
github.com/bestbeforetoday/fabric-chaincode-go/v2/shim/handler.go:222.128,225.16 2 37
github.com/bestbeforetoday/fabric-chaincode-go/v2/shim/handler.go:225.16,227.3 1 8
github.com/bestbeforetoday/fabric-chaincode-go/v2/shim/handler.go:228.2,230.37 2 29
github.com/bestbeforetoday/fabric-chaincode-go/v2/shim/handler.go:234.112,240.16 4 4
github.com/bestbeforetoday/fabric-chaincode-go/v2/shim/handler.go:240.16,242.3 1 1
github.com/bestbeforetoday/fabric-chaincode-go/v2/shim/handler.go:244.2,244.56 1 3
github.com/bestbeforetoday/fabric-chaincode-go/v2/shim/handler.go:244.56,247.3 1 2
github.com/bestbeforetoday/fabric-chaincode-go/v2/shim/handler.go:248.2,248.53 1 1
github.com/bestbeforetoday/fabric-chaincode-go/v2/shim/handler.go:248.53,251.3 1 1
github.com/bestbeforetoday/fabric-chaincode-go/v2/shim/handler.go:254.2,254.200 1 0
github.com/bestbeforetoday/fabric-chaincode-go/v2/shim/handler.go:257.122,263.16 4 3
github.com/bestbeforetoday/fabric-chaincode-go/v2/shim/handler.go:263.16,265.3 1 1
github.com/bestbeforetoday/fabric-chaincode-go/v2/shim/handler.go:267.2,267.56 1 2
github.com/bestbeforetoday/fabric-chaincode-go/v2/shim/handler.go:267.56,270.3 1 1
github.com/bestbeforetoday/fabric-chaincode-go/v2/shim/handler.go:271.2,271.53 1 1
github.com/bestbeforetoday/fabric-chaincode-go/v2/shim/handler.go:271.53,274.3 1 1
github.com/bestbeforetoday/fabric-chaincode-go/v2/shim/handler.go:277.2,277.200 1 0
github.com/bestbeforetoday/fabric-chaincode-go/v2/shim/handler.go:280.131,286.16 4 4
github.com/bestbeforetoday/fabric-chaincode-go/v2/shim/handler.go:286.16,288.3 1 1
github.com/bestbeforetoday/fabric-chaincode-go/v2/shim/handler.go:290.2,290.56 1 3
github.com/bestbeforetoday/fabric-chaincode-go/v2/shim/handler.go:290.56,294.17 3 2
github.com/bestbeforetoday/fabric-chaincode-go/v2/shim/handler.go:294.17,296.4 1 0
github.com/bestbeforetoday/fabric-chaincode-go/v2/shim/handler.go:297.3,298.39 2 2
github.com/bestbeforetoday/fabric-chaincode-go/v2/shim/handler.go:298.39,300.4 1 2
github.com/bestbeforetoday/fabric-chaincode-go/v2/shim/handler.go:302.3,302.23 1 2
github.com/bestbeforetoday/fabric-chaincode-go/v2/shim/handler.go:304.2,304.53 1 1
github.com/bestbeforetoday/fabric-chaincode-go/v2/shim/handler.go:304.53,307.3 1 1
github.com/bestbeforetoday/fabric-chaincode-go/v2/shim/handler.go:310.2,310.200 1 0
github.com/bestbeforetoday/fabric-chaincode-go/v2/shim/handler.go:314.116,322.16 4 4
github.com/bestbeforetoday/fabric-chaincode-go/v2/shim/handler.go:322.16,324.3 1 1
github.com/bestbeforetoday/fabric-chaincode-go/v2/shim/handler.go:326.2,326.56 1 3
github.com/bestbeforetoday/fabric-chaincode-go/v2/shim/handler.go:326.56,329.3 1 2
github.com/bestbeforetoday/fabric-chaincode-go/v2/shim/handler.go:331.2,331.53 1 1
github.com/bestbeforetoday/fabric-chaincode-go/v2/shim/handler.go:331.53,334.3 1 1
github.com/bestbeforetoday/fabric-chaincode-go/v2/shim/handler.go:337.2,337.195 1 0
github.com/bestbeforetoday/fabric-chaincode-go/v2/shim/handler.go:340.148,348.16 5 4
github.com/bestbeforetoday/fabric-chaincode-go/v2/shim/handler.go:348.16,350.3 1 1
github.com/bestbeforetoday/fabric-chaincode-go/v2/shim/handler.go:352.2,352.56 1 3
github.com/bestbeforetoday/fabric-chaincode-go/v2/shim/handler.go:352.56,355.3 1 2
github.com/bestbeforetoday/fabric-chaincode-go/v2/shim/handler.go:357.2,357.53 1 1
github.com/bestbeforetoday/fabric-chaincode-go/v2/shim/handler.go:357.53,360.3 1 1
github.com/bestbeforetoday/fabric-chaincode-go/v2/shim/handler.go:363.2,363.194 1 0
github.com/bestbeforetoday/fabric-chaincode-go/v2/shim/handler.go:367.102,372.16 4 4
github.com/bestbeforetoday/fabric-chaincode-go/v2/shim/handler.go:372.16,374.3 1 1
github.com/bestbeforetoday/fabric-chaincode-go/v2/shim/handler.go:376.2,376.56 1 3
github.com/bestbeforetoday/fabric-chaincode-go/v2/shim/handler.go:376.56,379.3 1 2
github.com/bestbeforetoday/fabric-chaincode-go/v2/shim/handler.go:380.2,380.53 1 1
github.com/bestbeforetoday/fabric-chaincode-go/v2/shim/handler.go:380.53,383.3 1 1
github.com/bestbeforetoday/fabric-chaincode-go/v2/shim/handler.go:386.2,386.195 1 0
github.com/bestbeforetoday/fabric-chaincode-go/v2/shim/handler.go:390.104,395.16 4 1
github.com/bestbeforetoday/fabric-chaincode-go/v2/shim/handler.go:395.16,397.3 1 0
github.com/bestbeforetoday/fabric-chaincode-go/v2/shim/handler.go:399.2,399.56 1 1
github.com/bestbeforetoday/fabric-chaincode-go/v2/shim/handler.go:399.56,402.3 1 1
github.com/bestbeforetoday/fabric-chaincode-go/v2/shim/handler.go:403.2,403.53 1 0
github.com/bestbeforetoday/fabric-chaincode-go/v2/shim/handler.go:403.53,406.3 1 0
github.com/bestbeforetoday/fabric-chaincode-go/v2/shim/handler.go:409.2,409.195 1 0
github.com/bestbeforetoday/fabric-chaincode-go/v2/shim/handler.go:413.62,418.16 4 8
github.com/bestbeforetoday/fabric-chaincode-go/v2/shim/handler.go:418.16,420.3 1 1
github.com/bestbeforetoday/fabric-chaincode-go/v2/shim/handler.go:422.2,422.56 1 7
github.com/bestbeforetoday/fabric-chaincode-go/v2/shim/handler.go:422.56,426.17 3 6
github.com/bestbeforetoday/fabric-chaincode-go/v2/shim/handler.go:426.17,428.4 1 0
github.com/bestbeforetoday/fabric-chaincode-go/v2/shim/handler.go:430.3,430.33 1 6
github.com/bestbeforetoday/fabric-chaincode-go/v2/shim/handler.go:432.2,432.53 1 1
github.com/bestbeforetoday/fabric-chaincode-go/v2/shim/handler.go:432.53,435.3 1 1
github.com/bestbeforetoday/fabric-chaincode-go/v2/shim/handler.go:438.2,438.166 1 0
github.com/bestbeforetoday/fabric-chaincode-go/v2/shim/handler.go:441.97,444.16 2 12
github.com/bestbeforetoday/fabric-chaincode-go/v2/shim/handler.go:444.16,446.3 1 1
github.com/bestbeforetoday/fabric-chaincode-go/v2/shim/handler.go:447.2,456.65 5 11
github.com/bestbeforetoday/fabric-chaincode-go/v2/shim/handler.go:456.65,458.3 1 0
github.com/bestbeforetoday/fabric-chaincode-go/v2/shim/handler.go:460.2,460.56 1 11
github.com/bestbeforetoday/fabric-chaincode-go/v2/shim/handler.go:460.56,463.76 2 10
github.com/bestbeforetoday/fabric-chaincode-go/v2/shim/handler.go:463.76,465.4 1 0
github.com/bestbeforetoday/fabric-chaincode-go/v2/shim/handler.go:467.3,467.28 1 10
github.com/bestbeforetoday/fabric-chaincode-go/v2/shim/handler.go:469.2,469.53 1 1
github.com/bestbeforetoday/fabric-chaincode-go/v2/shim/handler.go:469.53,472.3 1 1
github.com/bestbeforetoday/fabric-chaincode-go/v2/shim/handler.go:475.2,475.166 1 0
github.com/bestbeforetoday/fabric-chaincode-go/v2/shim/handler.go:478.98,481.16 2 3
github.com/bestbeforetoday/fabric-chaincode-go/v2/shim/handler.go:481.16,483.3 1 1
github.com/bestbeforetoday/fabric-chaincode-go/v2/shim/handler.go:484.2,493.65 5 2
github.com/bestbeforetoday/fabric-chaincode-go/v2/shim/handler.go:493.65,495.3 1 0
github.com/bestbeforetoday/fabric-chaincode-go/v2/shim/handler.go:497.2,497.56 1 2
github.com/bestbeforetoday/fabric-chaincode-go/v2/shim/handler.go:497.56,500.76 2 1
github.com/bestbeforetoday/fabric-chaincode-go/v2/shim/handler.go:500.76,502.4 1 0
github.com/bestbeforetoday/fabric-chaincode-go/v2/shim/handler.go:504.3,504.28 1 1
github.com/bestbeforetoday/fabric-chaincode-go/v2/shim/handler.go:506.2,506.53 1 1
github.com/bestbeforetoday/fabric-chaincode-go/v2/shim/handler.go:506.53,509.3 1 1
github.com/bestbeforetoday/fabric-chaincode-go/v2/shim/handler.go:512.2,512.166 1 0
github.com/bestbeforetoday/fabric-chaincode-go/v2/shim/handler.go:516.62,521.16 4 5
github.com/bestbeforetoday/fabric-chaincode-go/v2/shim/handler.go:521.16,523.3 1 1
github.com/bestbeforetoday/fabric-chaincode-go/v2/shim/handler.go:525.2,525.56 1 4
github.com/bestbeforetoday/fabric-chaincode-go/v2/shim/handler.go:525.56,528.83 2 3
github.com/bestbeforetoday/fabric-chaincode-go/v2/shim/handler.go:528.83,530.4 1 0
github.com/bestbeforetoday/fabric-chaincode-go/v2/shim/handler.go:532.3,532.35 1 3
github.com/bestbeforetoday/fabric-chaincode-go/v2/shim/handler.go:534.2,534.53 1 1
github.com/bestbeforetoday/fabric-chaincode-go/v2/shim/handler.go:534.53,537.3 1 1
github.com/bestbeforetoday/fabric-chaincode-go/v2/shim/handler.go:540.2,540.166 1 0
github.com/bestbeforetoday/fabric-chaincode-go/v2/shim/handler.go:543.114,546.16 2 3
github.com/bestbeforetoday/fabric-chaincode-go/v2/shim/handler.go:546.16,548.3 1 1
github.com/bestbeforetoday/fabric-chaincode-go/v2/shim/handler.go:549.2,557.65 5 2
github.com/bestbeforetoday/fabric-chaincode-go/v2/shim/handler.go:557.65,559.3 1 0
github.com/bestbeforetoday/fabric-chaincode-go/v2/shim/handler.go:561.2,561.56 1 2
github.com/bestbeforetoday/fabric-chaincode-go/v2/shim/handler.go:561.56,564.87 2 1
github.com/bestbeforetoday/fabric-chaincode-go/v2/shim/handler.go:564.87,566.4 1 0
github.com/bestbeforetoday/fabric-chaincode-go/v2/shim/handler.go:568.3,568.39 1 1
github.com/bestbeforetoday/fabric-chaincode-go/v2/shim/handler.go:570.2,570.53 1 1
github.com/bestbeforetoday/fabric-chaincode-go/v2/shim/handler.go:570.53,573.3 1 1
github.com/bestbeforetoday/fabric-chaincode-go/v2/shim/handler.go:576.2,576.166 1 0
github.com/bestbeforetoday/fabric-chaincode-go/v2/shim/handler.go:579.79,581.2 1 1
github.com/bestbeforetoday/fabric-chaincode-go/v2/shim/handler.go:584.124,589.16 3 2
github.com/bestbeforetoday/fabric-chaincode-go/v2/shim/handler.go:589.16,591.3 1 0
github.com/bestbeforetoday/fabric-chaincode-go/v2/shim/handler.go:592.2,599.65 4 2
github.com/bestbeforetoday/fabric-chaincode-go/v2/shim/handler.go:599.65,602.3 2 0
github.com/bestbeforetoday/fabric-chaincode-go/v2/shim/handler.go:604.2,604.56 1 2
github.com/bestbeforetoday/fabric-chaincode-go/v2/shim/handler.go:604.56,607.71 2 1
github.com/bestbeforetoday/fabric-chaincode-go/v2/shim/handler.go:607.71,609.4 1 0
github.com/bestbeforetoday/fabric-chaincode-go/v2/shim/handler.go:610.3,610.54 1 1
github.com/bestbeforetoday/fabric-chaincode-go/v2/shim/handler.go:610.54,613.63 2 1
github.com/bestbeforetoday/fabric-chaincode-go/v2/shim/handler.go:613.63,615.5 1 0
github.com/bestbeforetoday/fabric-chaincode-go/v2/shim/handler.go:616.4,616.14 1 1
github.com/bestbeforetoday/fabric-chaincode-go/v2/shim/handler.go:618.3,618.54 1 0
github.com/bestbeforetoday/fabric-chaincode-go/v2/shim/handler.go:620.2,620.53 1 1
github.com/bestbeforetoday/fabric-chaincode-go/v2/shim/handler.go:620.53,623.3 1 1
github.com/bestbeforetoday/fabric-chaincode-go/v2/shim/handler.go:626.2,626.229 1 0
github.com/bestbeforetoday/fabric-chaincode-go/v2/shim/handler.go:630.82,631.18 1 6
github.com/bestbeforetoday/fabric-chaincode-go/v2/shim/handler.go:632.67,633.47 1 1
github.com/bestbeforetoday/fabric-chaincode-go/v2/shim/handler.go:633.47,635.4 1 1
github.com/bestbeforetoday/fabric-chaincode-go/v2/shim/handler.go:636.3,636.13 1 0
github.com/bestbeforetoday/fabric-chaincode-go/v2/shim/handler.go:638.34,640.13 2 2
github.com/bestbeforetoday/fabric-chaincode-go/v2/shim/handler.go:642.41,644.13 2 2
github.com/bestbeforetoday/fabric-chaincode-go/v2/shim/handler.go:646.10,647.115 1 1
github.com/bestbeforetoday/fabric-chaincode-go/v2/shim/handler.go:652.71,653.45 1 2
github.com/bestbeforetoday/fabric-chaincode-go/v2/shim/handler.go:653.45,655.3 1 1
github.com/bestbeforetoday/fabric-chaincode-go/v2/shim/handler.go:657.2,658.12 2 1
github.com/bestbeforetoday/fabric-chaincode-go/v2/shim/handler.go:662.67,663.50 1 3
github.com/bestbeforetoday/fabric-chaincode-go/v2/shim/handler.go:663.50,665.3 1 2
github.com/bestbeforetoday/fabric-chaincode-go/v2/shim/handler.go:667.2,668.12 2 1
github.com/bestbeforetoday/fabric-chaincode-go/v2/shim/handler.go:672.84,673.49 1 12
github.com/bestbeforetoday/fabric-chaincode-go/v2/shim/handler.go:673.49,676.3 2 1
github.com/bestbeforetoday/fabric-chaincode-go/v2/shim/handler.go:677.2,679.17 2 11
github.com/bestbeforetoday/fabric-chaincode-go/v2/shim/handler.go:680.13,681.33 1 6
github.com/bestbeforetoday/fabric-chaincode-go/v2/shim/handler.go:682.19,683.33 1 2
github.com/bestbeforetoday/fabric-chaincode-go/v2/shim/handler.go:684.15,685.29 1 3
github.com/bestbeforetoday/fabric-chaincode-go/v2/shim/handler.go:686.10,687.59 1 0
github.com/bestbeforetoday/fabric-chaincode-go/v2/shim/handler.go:690.2,690.16 1 11
github.com/bestbeforetoday/fabric-chaincode-go/v2/shim/handler.go:690.16,695.3 4 5
github.com/bestbeforetoday/fabric-chaincode-go/v2/shim/handler.go:697.2,697.12 1 6
github.com/bestbeforetoday/fabric-chaincode-go/v2/shim/handler.go:702.47,704.16 2 73
github.com/bestbeforetoday/fabric-chaincode-go/v2/shim/handler.go:704.16,705.59 1 0
github.com/bestbeforetoday/fabric-chaincode-go/v2/shim/handler.go:707.2,707.14 1 73
github.com/bestbeforetoday/fabric-chaincode-go/v2/shim/response.go:23.45,28.2 1 2
github.com/bestbeforetoday/fabric-chaincode-go/v2/shim/response.go:31.39,36.2 1 0
github.com/bestbeforetoday/fabric-chaincode-go/v2/shim/shim.go:39.67,40.24 1 3
github.com/bestbeforetoday/fabric-chaincode-go/v2/shim/shim.go:40.24,42.3 1 1
github.com/bestbeforetoday/fabric-chaincode-go/v2/shim/shim.go:44.2,45.16 2 2
github.com/bestbeforetoday/fabric-chaincode-go/v2/shim/shim.go:45.16,47.3 1 1
github.com/bestbeforetoday/fabric-chaincode-go/v2/shim/shim.go:49.2,50.16 2 1
github.com/bestbeforetoday/fabric-chaincode-go/v2/shim/shim.go:50.16,52.3 1 0
github.com/bestbeforetoday/fabric-chaincode-go/v2/shim/shim.go:54.2,54.41 1 1
github.com/bestbeforetoday/fabric-chaincode-go/v2/shim/shim.go:58.32,61.25 3 8
github.com/bestbeforetoday/fabric-chaincode-go/v2/shim/shim.go:61.25,63.3 1 1
github.com/bestbeforetoday/fabric-chaincode-go/v2/shim/shim.go:66.2,66.25 1 7
github.com/bestbeforetoday/fabric-chaincode-go/v2/shim/shim.go:66.25,68.3 1 3
github.com/bestbeforetoday/fabric-chaincode-go/v2/shim/shim.go:70.2,71.16 2 7
github.com/bestbeforetoday/fabric-chaincode-go/v2/shim/shim.go:71.16,73.3 1 3
github.com/bestbeforetoday/fabric-chaincode-go/v2/shim/shim.go:75.2,77.12 2 4
github.com/bestbeforetoday/fabric-chaincode-go/v2/shim/shim.go:82.81,84.2 1 0
github.com/bestbeforetoday/fabric-chaincode-go/v2/shim/shim.go:87.91,90.2 2 4
github.com/bestbeforetoday/fabric-chaincode-go/v2/shim/shim.go:93.89,100.16 4 4
github.com/bestbeforetoday/fabric-chaincode-go/v2/shim/shim.go:100.16,102.3 1 0
github.com/bestbeforetoday/fabric-chaincode-go/v2/shim/shim.go:105.2,105.122 1 4
github.com/bestbeforetoday/fabric-chaincode-go/v2/shim/shim.go:105.122,108.3 1 0
github.com/bestbeforetoday/fabric-chaincode-go/v2/shim/shim.go:111.2,118.27 4 4
github.com/bestbeforetoday/fabric-chaincode-go/v2/shim/shim.go:118.27,121.3 2 4
github.com/bestbeforetoday/fabric-chaincode-go/v2/shim/shim.go:123.2,124.6 2 4
github.com/bestbeforetoday/fabric-chaincode-go/v2/shim/shim.go:124.6,125.10 1 4
github.com/bestbeforetoday/fabric-chaincode-go/v2/shim/shim.go:126.27,127.11 1 4
github.com/bestbeforetoday/fabric-chaincode-go/v2/shim/shim.go:128.28,129.63 1 1
github.com/bestbeforetoday/fabric-chaincode-go/v2/shim/shim.go:130.25,132.15 2 1
github.com/bestbeforetoday/fabric-chaincode-go/v2/shim/shim.go:133.25,135.15 2 1
github.com/bestbeforetoday/fabric-chaincode-go/v2/shim/shim.go:136.12,138.19 2 1
github.com/bestbeforetoday/fabric-chaincode-go/v2/shim/shim.go:138.19,141.6 2 1
github.com/bestbeforetoday/fabric-chaincode-go/v2/shim/shim.go:143.5,143.24 1 0
github.com/bestbeforetoday/fabric-chaincode-go/v2/shim/shim.go:146.26,147.22 1 0
github.com/bestbeforetoday/fabric-chaincode-go/v2/shim/shim.go:147.22,150.5 2 0
github.com/bestbeforetoday/fabric-chaincode-go/v2/shim/stub.go:43.154,57.27 2 8
github.com/bestbeforetoday/fabric-chaincode-go/v2/shim/stub.go:57.27,62.17 4 5
github.com/bestbeforetoday/fabric-chaincode-go/v2/shim/stub.go:62.17,65.4 1 1
github.com/bestbeforetoday/fabric-chaincode-go/v2/shim/stub.go:68.3,68.42 1 4
github.com/bestbeforetoday/fabric-chaincode-go/v2/shim/stub.go:68.42,70.4 1 2
github.com/bestbeforetoday/fabric-chaincode-go/v2/shim/stub.go:73.3,74.73 2 2
github.com/bestbeforetoday/fabric-chaincode-go/v2/shim/stub.go:74.73,76.4 1 0
github.com/bestbeforetoday/fabric-chaincode-go/v2/shim/stub.go:79.3,80.66 2 2
github.com/bestbeforetoday/fabric-chaincode-go/v2/shim/stub.go:80.66,82.4 1 0
github.com/bestbeforetoday/fabric-chaincode-go/v2/shim/stub.go:83.3,87.53 2 2
github.com/bestbeforetoday/fabric-chaincode-go/v2/shim/stub.go:87.53,94.4 1 1
github.com/bestbeforetoday/fabric-chaincode-go/v2/shim/stub.go:97.3,98.73 2 1
github.com/bestbeforetoday/fabric-chaincode-go/v2/shim/stub.go:98.73,100.4 1 0
github.com/bestbeforetoday/fabric-chaincode-go/v2/shim/stub.go:101.3,105.78 3 1
github.com/bestbeforetoday/fabric-chaincode-go/v2/shim/stub.go:105.78,107.4 1 0
github.com/bestbeforetoday/fabric-chaincode-go/v2/shim/stub.go:108.3,114.27 5 1
github.com/bestbeforetoday/fabric-chaincode-go/v2/shim/stub.go:118.2,118.18 1 4
github.com/bestbeforetoday/fabric-chaincode-go/v2/shim/stub.go:122.42,124.2 1 1
github.com/bestbeforetoday/fabric-chaincode-go/v2/shim/stub.go:127.47,129.2 1 1
github.com/bestbeforetoday/fabric-chaincode-go/v2/shim/stub.go:132.60,134.2 1 1
github.com/bestbeforetoday/fabric-chaincode-go/v2/shim/stub.go:138.33,141.17 2 2
github.com/bestbeforetoday/fabric-chaincode-go/v2/shim/stub.go:141.17,143.3 1 1
github.com/bestbeforetoday/fabric-chaincode-go/v2/shim/stub.go:145.2,145.19 1 1
github.com/bestbeforetoday/fabric-chaincode-go/v2/shim/stub.go:151.109,153.19 1 2
github.com/bestbeforetoday/fabric-chaincode-go/v2/shim/stub.go:153.19,155.3 1 2
github.com/bestbeforetoday/fabric-chaincode-go/v2/shim/stub.go:156.2,156.82 1 2
github.com/bestbeforetoday/fabric-chaincode-go/v2/shim/stub.go:162.62,166.2 2 2
github.com/bestbeforetoday/fabric-chaincode-go/v2/shim/stub.go:169.82,171.2 1 1
github.com/bestbeforetoday/fabric-chaincode-go/v2/shim/stub.go:174.81,176.16 2 2
github.com/bestbeforetoday/fabric-chaincode-go/v2/shim/stub.go:176.16,178.3 1 1
github.com/bestbeforetoday/fabric-chaincode-go/v2/shim/stub.go:179.2,179.52 1 1
github.com/bestbeforetoday/fabric-chaincode-go/v2/shim/stub.go:179.52,181.3 1 1
github.com/bestbeforetoday/fabric-chaincode-go/v2/shim/stub.go:182.2,182.17 1 0
github.com/bestbeforetoday/fabric-chaincode-go/v2/shim/stub.go:186.66,187.15 1 2
github.com/bestbeforetoday/fabric-chaincode-go/v2/shim/stub.go:187.15,189.3 1 0
github.com/bestbeforetoday/fabric-chaincode-go/v2/shim/stub.go:191.2,192.78 2 2
github.com/bestbeforetoday/fabric-chaincode-go/v2/shim/stub.go:195.100,205.2 1 9
github.com/bestbeforetoday/fabric-chaincode-go/v2/shim/stub.go:208.91,215.2 3 2
github.com/bestbeforetoday/fabric-chaincode-go/v2/shim/stub.go:218.52,222.2 2 2
github.com/bestbeforetoday/fabric-chaincode-go/v2/shim/stub.go:227.87,228.22 1 2
github.com/bestbeforetoday/fabric-chaincode-go/v2/shim/stub.go:228.22,230.3 1 1
github.com/bestbeforetoday/fabric-chaincode-go/v2/shim/stub.go:231.2,231.71 1 1
github.com/bestbeforetoday/fabric-chaincode-go/v2/shim/stub.go:235.91,236.22 1 3
github.com/bestbeforetoday/fabric-chaincode-go/v2/shim/stub.go:236.22,238.3 1 1
github.com/bestbeforetoday/fabric-chaincode-go/v2/shim/stub.go:239.2,239.81 1 2
github.com/bestbeforetoday/fabric-chaincode-go/v2/shim/stub.go:243.91,244.22 1 3
github.com/bestbeforetoday/fabric-chaincode-go/v2/shim/stub.go:244.22,246.3 1 1
github.com/bestbeforetoday/fabric-chaincode-go/v2/shim/stub.go:247.2,247.15 1 2
github.com/bestbeforetoday/fabric-chaincode-go/v2/shim/stub.go:247.15,249.3 1 1
github.com/bestbeforetoday/fabric-chaincode-go/v2/shim/stub.go:250.2,250.78 1 1
github.com/bestbeforetoday/fabric-chaincode-go/v2/shim/stub.go:254.77,255.22 1 2
github.com/bestbeforetoday/fabric-chaincode-go/v2/shim/stub.go:255.22,257.3 1 1
github.com/bestbeforetoday/fabric-chaincode-go/v2/shim/stub.go:258.2,258.71 1 1
github.com/bestbeforetoday/fabric-chaincode-go/v2/shim/stub.go:262.79,263.22 1 2
github.com/bestbeforetoday/fabric-chaincode-go/v2/shim/stub.go:263.22,265.3 1 1
github.com/bestbeforetoday/fabric-chaincode-go/v2/shim/stub.go:266.2,266.73 1 1
github.com/bestbeforetoday/fabric-chaincode-go/v2/shim/stub.go:270.121,271.22 1 2
github.com/bestbeforetoday/fabric-chaincode-go/v2/shim/stub.go:271.22,273.3 1 1
github.com/bestbeforetoday/fabric-chaincode-go/v2/shim/stub.go:274.2,274.20 1 1
github.com/bestbeforetoday/fabric-chaincode-go/v2/shim/stub.go:274.20,276.3 1 1
github.com/bestbeforetoday/fabric-chaincode-go/v2/shim/stub.go:277.2,277.61 1 1
github.com/bestbeforetoday/fabric-chaincode-go/v2/shim/stub.go:277.61,279.3 1 0
github.com/bestbeforetoday/fabric-chaincode-go/v2/shim/stub.go:281.2,283.22 2 1
github.com/bestbeforetoday/fabric-chaincode-go/v2/shim/stub.go:286.127,288.16 2 3
github.com/bestbeforetoday/fabric-chaincode-go/v2/shim/stub.go:288.16,290.3 1 0
github.com/bestbeforetoday/fabric-chaincode-go/v2/shim/stub.go:291.2,294.30 3 3
github.com/bestbeforetoday/fabric-chaincode-go/v2/shim/stub.go:298.150,299.22 1 2
github.com/bestbeforetoday/fabric-chaincode-go/v2/shim/stub.go:299.22,301.3 1 1
github.com/bestbeforetoday/fabric-chaincode-go/v2/shim/stub.go:303.2,304.16 2 1
github.com/bestbeforetoday/fabric-chaincode-go/v2/shim/stub.go:304.16,306.3 1 0
github.com/bestbeforetoday/fabric-chaincode-go/v2/shim/stub.go:308.2,310.22 2 1
github.com/bestbeforetoday/fabric-chaincode-go/v2/shim/stub.go:314.114,315.22 1 2
github.com/bestbeforetoday/fabric-chaincode-go/v2/shim/stub.go:315.22,317.3 1 1
github.com/bestbeforetoday/fabric-chaincode-go/v2/shim/stub.go:319.2,321.22 2 1
github.com/bestbeforetoday/fabric-chaincode-go/v2/shim/stub.go:325.99,327.16 2 1
github.com/bestbeforetoday/fabric-chaincode-go/v2/shim/stub.go:327.16,329.3 1 0
github.com/bestbeforetoday/fabric-chaincode-go/v2/shim/stub.go:330.2,330.52 1 1
github.com/bestbeforetoday/fabric-chaincode-go/v2/shim/stub.go:330.52,332.3 1 1
github.com/bestbeforetoday/fabric-chaincode-go/v2/shim/stub.go:333.2,333.17 1 0
github.com/bestbeforetoday/fabric-chaincode-go/v2/shim/stub.go:337.100,339.2 1 2
github.com/bestbeforetoday/fabric-chaincode-go/v2/shim/stub.go:375.93,378.16 3 9
github.com/bestbeforetoday/fabric-chaincode-go/v2/shim/stub.go:378.16,380.3 1 0
github.com/bestbeforetoday/fabric-chaincode-go/v2/shim/stub.go:382.2,382.22 1 9
github.com/bestbeforetoday/fabric-chaincode-go/v2/shim/stub.go:386.85,389.16 2 7
github.com/bestbeforetoday/fabric-chaincode-go/v2/shim/stub.go:389.16,391.3 1 1
github.com/bestbeforetoday/fabric-chaincode-go/v2/shim/stub.go:393.2,395.16 3 6
github.com/bestbeforetoday/fabric-chaincode-go/v2/shim/stub.go:395.16,397.3 1 0
github.com/bestbeforetoday/fabric-chaincode-go/v2/shim/stub.go:399.2,399.40 1 6
github.com/bestbeforetoday/fabric-chaincode-go/v2/shim/stub.go:403.85,406.16 2 4
github.com/bestbeforetoday/fabric-chaincode-go/v2/shim/stub.go:406.16,408.3 1 1
github.com/bestbeforetoday/fabric-chaincode-go/v2/shim/stub.go:410.2,412.16 3 3
github.com/bestbeforetoday/fabric-chaincode-go/v2/shim/stub.go:412.16,414.3 1 0
github.com/bestbeforetoday/fabric-chaincode-go/v2/shim/stub.go:416.2,416.40 1 3
github.com/bestbeforetoday/fabric-chaincode-go/v2/shim/stub.go:420.103,421.20 1 2
github.com/bestbeforetoday/fabric-chaincode-go/v2/shim/stub.go:421.20,423.3 1 1
github.com/bestbeforetoday/fabric-chaincode-go/v2/shim/stub.go:424.2,424.61 1 2
github.com/bestbeforetoday/fabric-chaincode-go/v2/shim/stub.go:424.61,426.3 1 0
github.com/bestbeforetoday/fabric-chaincode-go/v2/shim/stub.go:427.2,432.22 3 2
github.com/bestbeforetoday/fabric-chaincode-go/v2/shim/stub.go:436.93,438.16 2 2
github.com/bestbeforetoday/fabric-chaincode-go/v2/shim/stub.go:438.16,440.3 1 1
github.com/bestbeforetoday/fabric-chaincode-go/v2/shim/stub.go:441.2,441.113 1 1
github.com/bestbeforetoday/fabric-chaincode-go/v2/shim/stub.go:445.100,447.2 1 3
github.com/bestbeforetoday/fabric-chaincode-go/v2/shim/stub.go:450.90,452.2 1 0
github.com/bestbeforetoday/fabric-chaincode-go/v2/shim/stub.go:455.81,456.66 1 3
github.com/bestbeforetoday/fabric-chaincode-go/v2/shim/stub.go:456.66,458.3 1 0
github.com/bestbeforetoday/fabric-chaincode-go/v2/shim/stub.go:459.2,460.33 2 3
github.com/bestbeforetoday/fabric-chaincode-go/v2/shim/stub.go:460.33,461.60 1 6
github.com/bestbeforetoday/fabric-chaincode-go/v2/shim/stub.go:461.60,463.4 1 0
github.com/bestbeforetoday/fabric-chaincode-go/v2/shim/stub.go:464.3,464.48 1 6
github.com/bestbeforetoday/fabric-chaincode-go/v2/shim/stub.go:466.2,466.16 1 3
github.com/bestbeforetoday/fabric-chaincode-go/v2/shim/stub.go:469.71,472.41 3 0
github.com/bestbeforetoday/fabric-chaincode-go/v2/shim/stub.go:472.41,473.45 1 0
github.com/bestbeforetoday/fabric-chaincode-go/v2/shim/stub.go:473.45,476.4 2 0
github.com/bestbeforetoday/fabric-chaincode-go/v2/shim/stub.go:478.2,478.43 1 0
github.com/bestbeforetoday/fabric-chaincode-go/v2/shim/stub.go:481.54,482.28 1 9
github.com/bestbeforetoday/fabric-chaincode-go/v2/shim/stub.go:482.28,484.3 1 0
github.com/bestbeforetoday/fabric-chaincode-go/v2/shim/stub.go:485.2,485.36 1 9
github.com/bestbeforetoday/fabric-chaincode-go/v2/shim/stub.go:485.36,486.75 1 46
github.com/bestbeforetoday/fabric-chaincode-go/v2/shim/stub.go:486.75,489.4 1 0
github.com/bestbeforetoday/fabric-chaincode-go/v2/shim/stub.go:491.2,491.12 1 9
github.com/bestbeforetoday/fabric-chaincode-go/v2/shim/stub.go:498.53,499.33 1 4
github.com/bestbeforetoday/fabric-chaincode-go/v2/shim/stub.go:499.33,500.57 1 8
github.com/bestbeforetoday/fabric-chaincode-go/v2/shim/stub.go:500.57,502.4 1 0
github.com/bestbeforetoday/fabric-chaincode-go/v2/shim/stub.go:504.2,504.12 1 4
github.com/bestbeforetoday/fabric-chaincode-go/v2/shim/stub.go:508.132,511.16 3 1
github.com/bestbeforetoday/fabric-chaincode-go/v2/shim/stub.go:511.16,513.3 1 0
github.com/bestbeforetoday/fabric-chaincode-go/v2/shim/stub.go:515.2,517.22 2 1
github.com/bestbeforetoday/fabric-chaincode-go/v2/shim/stub.go:520.75,524.16 3 3
github.com/bestbeforetoday/fabric-chaincode-go/v2/shim/stub.go:524.16,526.3 1 0
github.com/bestbeforetoday/fabric-chaincode-go/v2/shim/stub.go:527.2,527.27 1 3
github.com/bestbeforetoday/fabric-chaincode-go/v2/shim/stub.go:532.85,534.20 1 1
github.com/bestbeforetoday/fabric-chaincode-go/v2/shim/stub.go:534.20,536.3 1 1
github.com/bestbeforetoday/fabric-chaincode-go/v2/shim/stub.go:537.2,537.61 1 1
github.com/bestbeforetoday/fabric-chaincode-go/v2/shim/stub.go:537.61,539.3 1 0
github.com/bestbeforetoday/fabric-chaincode-go/v2/shim/stub.go:541.2,544.16 3 1
github.com/bestbeforetoday/fabric-chaincode-go/v2/shim/stub.go:544.16,546.3 1 0
github.com/bestbeforetoday/fabric-chaincode-go/v2/shim/stub.go:548.2,548.72 1 1
github.com/bestbeforetoday/fabric-chaincode-go/v2/shim/stub.go:553.101,558.16 3 1
github.com/bestbeforetoday/fabric-chaincode-go/v2/shim/stub.go:558.16,560.3 1 0
github.com/bestbeforetoday/fabric-chaincode-go/v2/shim/stub.go:562.2,563.16 2 1
github.com/bestbeforetoday/fabric-chaincode-go/v2/shim/stub.go:563.16,565.3 1 0
github.com/bestbeforetoday/fabric-chaincode-go/v2/shim/stub.go:566.2,566.72 1 1
github.com/bestbeforetoday/fabric-chaincode-go/v2/shim/stub.go:571.85,576.16 3 1
github.com/bestbeforetoday/fabric-chaincode-go/v2/shim/stub.go:576.16,578.3 1 0
github.com/bestbeforetoday/fabric-chaincode-go/v2/shim/stub.go:579.2,579.60 1 1
github.com/bestbeforetoday/fabric-chaincode-go/v2/shim/stub.go:583.65,585.16 2 10
github.com/bestbeforetoday/fabric-chaincode-go/v2/shim/stub.go:585.16,587.3 1 0
github.com/bestbeforetoday/fabric-chaincode-go/v2/shim/stub.go:588.2,588.38 1 10
github.com/bestbeforetoday/fabric-chaincode-go/v2/shim/stub.go:592.80,594.16 2 1
github.com/bestbeforetoday/fabric-chaincode-go/v2/shim/stub.go:594.16,596.3 1 0
github.com/bestbeforetoday/fabric-chaincode-go/v2/shim/stub.go:597.2,597.51 1 1
github.com/bestbeforetoday/fabric-chaincode-go/v2/shim/stub.go:601.44,602.75 1 2
github.com/bestbeforetoday/fabric-chaincode-go/v2/shim/stub.go:602.75,604.3 1 1
github.com/bestbeforetoday/fabric-chaincode-go/v2/shim/stub.go:605.2,605.14 1 1
github.com/bestbeforetoday/fabric-chaincode-go/v2/shim/stub.go:613.41,615.31 1 11
github.com/bestbeforetoday/fabric-chaincode-go/v2/shim/stub.go:615.31,617.89 2 10
github.com/bestbeforetoday/fabric-chaincode-go/v2/shim/stub.go:617.89,619.4 1 0
github.com/bestbeforetoday/fabric-chaincode-go/v2/shim/stub.go:620.3,620.31 1 10
github.com/bestbeforetoday/fabric-chaincode-go/v2/shim/stub.go:622.8,622.40 1 1
github.com/bestbeforetoday/fabric-chaincode-go/v2/shim/stub.go:622.40,624.91 2 1
github.com/bestbeforetoday/fabric-chaincode-go/v2/shim/stub.go:624.91,626.4 1 0
github.com/bestbeforetoday/fabric-chaincode-go/v2/shim/stub.go:627.3,627.33 1 1
github.com/bestbeforetoday/fabric-chaincode-go/v2/shim/stub.go:629.2,629.45 1 0
github.com/bestbeforetoday/fabric-chaincode-go/v2/shim/stub.go:632.58,634.16 2 10
github.com/bestbeforetoday/fabric-chaincode-go/v2/shim/stub.go:634.16,636.3 1 0
github.com/bestbeforetoday/fabric-chaincode-go/v2/shim/stub.go:637.2,639.12 3 10
github.com/bestbeforetoday/fabric-chaincode-go/v2/shim/stub.go:645.79,646.50 1 11
github.com/bestbeforetoday/fabric-chaincode-go/v2/shim/stub.go:646.50,649.17 2 11
github.com/bestbeforetoday/fabric-chaincode-go/v2/shim/stub.go:649.17,651.4 1 0
github.com/bestbeforetoday/fabric-chaincode-go/v2/shim/stub.go:652.3,654.77 2 11
github.com/bestbeforetoday/fabric-chaincode-go/v2/shim/stub.go:654.77,656.53 1 10
github.com/bestbeforetoday/fabric-chaincode-go/v2/shim/stub.go:656.53,658.5 1 0
github.com/bestbeforetoday/fabric-chaincode-go/v2/shim/stub.go:661.3,661.26 1 11
github.com/bestbeforetoday/fabric-chaincode-go/v2/shim/stub.go:662.8,662.35 1 0
github.com/bestbeforetoday/fabric-chaincode-go/v2/shim/stub.go:662.35,665.3 1 0
github.com/bestbeforetoday/fabric-chaincode-go/v2/shim/stub.go:669.2,669.50 1 0
github.com/bestbeforetoday/fabric-chaincode-go/v2/shim/stub.go:673.43,676.2 2 1
github.com/bestbeforetoday/fabric-chaincode-go/v2/shim/stub.go:679.44,681.2 1 5
github.com/bestbeforetoday/fabric-chaincode-go/v2/shim/stub.go:684.50,687.28 3 3
github.com/bestbeforetoday/fabric-chaincode-go/v2/shim/stub.go:687.28,689.3 1 6
github.com/bestbeforetoday/fabric-chaincode-go/v2/shim/stub.go:690.2,690.16 1 3
github.com/bestbeforetoday/fabric-chaincode-go/v2/shim/stub.go:694.87,698.23 4 2
github.com/bestbeforetoday/fabric-chaincode-go/v2/shim/stub.go:698.23,701.3 2 1
github.com/bestbeforetoday/fabric-chaincode-go/v2/shim/stub.go:702.2,702.8 1 2
github.com/bestbeforetoday/fabric-chaincode-go/v2/shim/stub.go:706.54,708.2 1 1
github.com/bestbeforetoday/fabric-chaincode-go/v2/shim/stub.go:711.67,713.2 1 1
github.com/bestbeforetoday/fabric-chaincode-go/v2/shim/stub.go:716.54,718.2 1 1
github.com/bestbeforetoday/fabric-chaincode-go/v2/shim/stub.go:721.75,723.2 1 1
github.com/bestbeforetoday/fabric-chaincode-go/v2/shim/stub.go:726.56,729.28 3 1
github.com/bestbeforetoday/fabric-chaincode-go/v2/shim/stub.go:729.28,731.3 1 3
github.com/bestbeforetoday/fabric-chaincode-go/v2/shim/stub.go:732.2,732.17 1 1
github.com/bestbeforetoday/fabric-chaincode-go/v2/shim/stub.go:736.74,738.64 2 3
github.com/bestbeforetoday/fabric-chaincode-go/v2/shim/stub.go:738.64,740.3 1 1
github.com/bestbeforetoday/fabric-chaincode-go/v2/shim/stub.go:742.2,743.65 2 2
github.com/bestbeforetoday/fabric-chaincode-go/v2/shim/stub.go:743.65,745.3 1 1
github.com/bestbeforetoday/fabric-chaincode-go/v2/shim/stub.go:747.2,747.33 1 1
github.com/bestbeforetoday/fabric-chaincode-go/v2/shim/stub.go:753.69,754.16 1 2
github.com/bestbeforetoday/fabric-chaincode-go/v2/shim/stub.go:754.16,756.3 1 1
github.com/bestbeforetoday/fabric-chaincode-go/v2/shim/stub.go:757.2,758.12 2 1
github.com/bestbeforetoday/fabric-chaincode-go/v2/shim/internal/mock/client_stream.go:48.45,57.17 8 4
github.com/bestbeforetoday/fabric-chaincode-go/v2/shim/internal/mock/client_stream.go:57.17,59.3 1 0
github.com/bestbeforetoday/fabric-chaincode-go/v2/shim/internal/mock/client_stream.go:60.2,60.20 1 4
github.com/bestbeforetoday/fabric-chaincode-go/v2/shim/internal/mock/client_stream.go:60.20,62.3 1 0
github.com/bestbeforetoday/fabric-chaincode-go/v2/shim/internal/mock/client_stream.go:63.2,63.28 1 4
github.com/bestbeforetoday/fabric-chaincode-go/v2/shim/internal/mock/client_stream.go:66.52,70.2 3 0
github.com/bestbeforetoday/fabric-chaincode-go/v2/shim/internal/mock/client_stream.go:72.61,76.2 3 0
github.com/bestbeforetoday/fabric-chaincode-go/v2/shim/internal/mock/client_stream.go:78.59,85.2 4 0
github.com/bestbeforetoday/fabric-chaincode-go/v2/shim/internal/mock/client_stream.go:87.72,91.40 4 0
github.com/bestbeforetoday/fabric-chaincode-go/v2/shim/internal/mock/client_stream.go:91.40,95.3 1 0
github.com/bestbeforetoday/fabric-chaincode-go/v2/shim/internal/mock/client_stream.go:96.2,98.12 1 0
github.com/bestbeforetoday/fabric-chaincode-go/v2/shim/internal/mock/client_stream.go:101.66,110.17 8 4
github.com/bestbeforetoday/fabric-chaincode-go/v2/shim/internal/mock/client_stream.go:110.17,112.3 1 0
github.com/bestbeforetoday/fabric-chaincode-go/v2/shim/internal/mock/client_stream.go:113.2,113.20 1 4
github.com/bestbeforetoday/fabric-chaincode-go/v2/shim/internal/mock/client_stream.go:113.20,115.3 1 1
github.com/bestbeforetoday/fabric-chaincode-go/v2/shim/internal/mock/client_stream.go:116.2,116.49 1 3
github.com/bestbeforetoday/fabric-chaincode-go/v2/shim/internal/mock/client_stream.go:119.47,123.2 3 0
github.com/bestbeforetoday/fabric-chaincode-go/v2/shim/internal/mock/client_stream.go:125.82,129.2 3 0
github.com/bestbeforetoday/fabric-chaincode-go/v2/shim/internal/mock/client_stream.go:131.86,139.2 4 2
github.com/bestbeforetoday/fabric-chaincode-go/v2/shim/internal/mock/client_stream.go:141.99,145.35 4 1
github.com/bestbeforetoday/fabric-chaincode-go/v2/shim/internal/mock/client_stream.go:145.35,150.3 1 1
github.com/bestbeforetoday/fabric-chaincode-go/v2/shim/internal/mock/client_stream.go:151.2,154.21 1 1
github.com/bestbeforetoday/fabric-chaincode-go/v2/shim/internal/mock/client_stream.go:157.67,167.17 8 5
github.com/bestbeforetoday/fabric-chaincode-go/v2/shim/internal/mock/client_stream.go:167.17,169.3 1 0
github.com/bestbeforetoday/fabric-chaincode-go/v2/shim/internal/mock/client_stream.go:170.2,170.20 1 5
github.com/bestbeforetoday/fabric-chaincode-go/v2/shim/internal/mock/client_stream.go:170.20,172.3 1 0
github.com/bestbeforetoday/fabric-chaincode-go/v2/shim/internal/mock/client_stream.go:173.2,173.28 1 5
github.com/bestbeforetoday/fabric-chaincode-go/v2/shim/internal/mock/client_stream.go:176.47,180.2 3 0
github.com/bestbeforetoday/fabric-chaincode-go/v2/shim/internal/mock/client_stream.go:182.78,186.2 3 0
github.com/bestbeforetoday/fabric-chaincode-go/v2/shim/internal/mock/client_stream.go:188.73,193.2 4 0
github.com/bestbeforetoday/fabric-chaincode-go/v2/shim/internal/mock/client_stream.go:195.54,202.2 4 0
github.com/bestbeforetoday/fabric-chaincode-go/v2/shim/internal/mock/client_stream.go:204.67,208.35 4 0
github.com/bestbeforetoday/fabric-chaincode-go/v2/shim/internal/mock/client_stream.go:208.35,212.3 1 0
github.com/bestbeforetoday/fabric-chaincode-go/v2/shim/internal/mock/client_stream.go:213.2,215.12 1 0
github.com/bestbeforetoday/fabric-chaincode-go/v2/shim/internal/mock/client_stream.go:218.68,228.43 10 0
github.com/bestbeforetoday/fabric-chaincode-go/v2/shim/internal/mock/client_stream.go:228.43,230.3 1 0
github.com/bestbeforetoday/fabric-chaincode-go/v2/shim/internal/mock/client_stream.go:231.2,231.26 1 0
github.com/bestbeforetoday/fabric-chaincode-go/v2/shim/internal/mock/client_stream.go:234.76,237.29 3 13
github.com/bestbeforetoday/fabric-chaincode-go/v2/shim/internal/mock/client_stream.go:237.29,239.3 1 4
github.com/bestbeforetoday/fabric-chaincode-go/v2/shim/internal/mock/client_stream.go:240.2,240.34 1 13
github.com/bestbeforetoday/fabric-chaincode-go/v2/shim/internal/mock/client_stream.go:240.34,242.3 1 12
github.com/bestbeforetoday/fabric-chaincode-go/v2/shim/internal/mock/client_stream.go:243.2,243.61 1 13
github.com/bestbeforetoday/fabric-chaincode-go/v2/shim/internal/mock/peer_chaincode_stream.go:38.73,47.17 8 0
github.com/bestbeforetoday/fabric-chaincode-go/v2/shim/internal/mock/peer_chaincode_stream.go:47.17,49.3 1 0
github.com/bestbeforetoday/fabric-chaincode-go/v2/shim/internal/mock/peer_chaincode_stream.go:50.2,50.20 1 0
github.com/bestbeforetoday/fabric-chaincode-go/v2/shim/internal/mock/peer_chaincode_stream.go:50.20,52.3 1 0
github.com/bestbeforetoday/fabric-chaincode-go/v2/shim/internal/mock/peer_chaincode_stream.go:53.2,53.49 1 0
github.com/bestbeforetoday/fabric-chaincode-go/v2/shim/internal/mock/peer_chaincode_stream.go:56.54,60.2 3 0
github.com/bestbeforetoday/fabric-chaincode-go/v2/shim/internal/mock/peer_chaincode_stream.go:62.89,66.2 3 0
github.com/bestbeforetoday/fabric-chaincode-go/v2/shim/internal/mock/peer_chaincode_stream.go:68.93,76.2 4 0
github.com/bestbeforetoday/fabric-chaincode-go/v2/shim/internal/mock/peer_chaincode_stream.go:78.106,82.35 4 0
github.com/bestbeforetoday/fabric-chaincode-go/v2/shim/internal/mock/peer_chaincode_stream.go:82.35,87.3 1 0
github.com/bestbeforetoday/fabric-chaincode-go/v2/shim/internal/mock/peer_chaincode_stream.go:88.2,91.21 1 0
github.com/bestbeforetoday/fabric-chaincode-go/v2/shim/internal/mock/peer_chaincode_stream.go:94.74,104.17 8 55
github.com/bestbeforetoday/fabric-chaincode-go/v2/shim/internal/mock/peer_chaincode_stream.go:104.17,106.3 1 51
github.com/bestbeforetoday/fabric-chaincode-go/v2/shim/internal/mock/peer_chaincode_stream.go:107.2,107.20 1 4
github.com/bestbeforetoday/fabric-chaincode-go/v2/shim/internal/mock/peer_chaincode_stream.go:107.20,109.3 1 0
github.com/bestbeforetoday/fabric-chaincode-go/v2/shim/internal/mock/peer_chaincode_stream.go:110.2,110.28 1 4
github.com/bestbeforetoday/fabric-chaincode-go/v2/shim/internal/mock/peer_chaincode_stream.go:113.54,117.2 3 0
github.com/bestbeforetoday/fabric-chaincode-go/v2/shim/internal/mock/peer_chaincode_stream.go:119.85,123.2 3 0
github.com/bestbeforetoday/fabric-chaincode-go/v2/shim/internal/mock/peer_chaincode_stream.go:125.80,130.2 4 0
github.com/bestbeforetoday/fabric-chaincode-go/v2/shim/internal/mock/peer_chaincode_stream.go:132.61,139.2 4 0
github.com/bestbeforetoday/fabric-chaincode-go/v2/shim/internal/mock/peer_chaincode_stream.go:141.74,145.35 4 0
github.com/bestbeforetoday/fabric-chaincode-go/v2/shim/internal/mock/peer_chaincode_stream.go:145.35,149.3 1 0
github.com/bestbeforetoday/fabric-chaincode-go/v2/shim/internal/mock/peer_chaincode_stream.go:150.2,152.12 1 0
github.com/bestbeforetoday/fabric-chaincode-go/v2/shim/internal/mock/peer_chaincode_stream.go:155.75,163.43 8 0
github.com/bestbeforetoday/fabric-chaincode-go/v2/shim/internal/mock/peer_chaincode_stream.go:163.43,165.3 1 0
github.com/bestbeforetoday/fabric-chaincode-go/v2/shim/internal/mock/peer_chaincode_stream.go:166.2,166.26 1 0
github.com/bestbeforetoday/fabric-chaincode-go/v2/shim/internal/mock/peer_chaincode_stream.go:169.83,172.29 3 55
github.com/bestbeforetoday/fabric-chaincode-go/v2/shim/internal/mock/peer_chaincode_stream.go:172.29,174.3 1 16
github.com/bestbeforetoday/fabric-chaincode-go/v2/shim/internal/mock/peer_chaincode_stream.go:175.2,175.34 1 55
github.com/bestbeforetoday/fabric-chaincode-go/v2/shim/internal/mock/peer_chaincode_stream.go:175.34,177.3 1 16
github.com/bestbeforetoday/fabric-chaincode-go/v2/shim/internal/mock/peer_chaincode_stream.go:178.2,178.61 1 55
github.com/bestbeforetoday/fabric-chaincode-go/v2/shim/internal/client.go:29.29,39.20 2 1
github.com/bestbeforetoday/fabric-chaincode-go/v2/shim/internal/client.go:39.20,42.3 2 0
github.com/bestbeforetoday/fabric-chaincode-go/v2/shim/internal/client.go:42.8,44.3 1 1
github.com/bestbeforetoday/fabric-chaincode-go/v2/shim/internal/client.go:46.2,46.45 1 1
github.com/bestbeforetoday/fabric-chaincode-go/v2/shim/internal/client.go:50.93,52.2 1 1
github.com/bestbeforetoday/fabric-chaincode-go/v2/shim/internal/config.go:27.35,30.16 3 16
github.com/bestbeforetoday/fabric-chaincode-go/v2/shim/internal/config.go:30.16,32.3 1 1
github.com/bestbeforetoday/fabric-chaincode-go/v2/shim/internal/config.go:34.2,44.17 2 15
github.com/bestbeforetoday/fabric-chaincode-go/v2/shim/internal/config.go:44.17,46.3 1 1
github.com/bestbeforetoday/fabric-chaincode-go/v2/shim/internal/config.go:48.2,50.9 3 14
github.com/bestbeforetoday/fabric-chaincode-go/v2/shim/internal/config.go:50.9,52.17 2 5
github.com/bestbeforetoday/fabric-chaincode-go/v2/shim/internal/config.go:52.17,54.4 1 0
github.com/bestbeforetoday/fabric-chaincode-go/v2/shim/internal/config.go:55.8,57.17 2 9
github.com/bestbeforetoday/fabric-chaincode-go/v2/shim/internal/config.go:57.17,59.4 1 1
github.com/bestbeforetoday/fabric-chaincode-go/v2/shim/internal/config.go:60.3,61.17 2 8
github.com/bestbeforetoday/fabric-chaincode-go/v2/shim/internal/config.go:61.17,63.4 1 1
github.com/bestbeforetoday/fabric-chaincode-go/v2/shim/internal/config.go:66.2,68.9 3 12
github.com/bestbeforetoday/fabric-chaincode-go/v2/shim/internal/config.go:68.9,70.17 2 5
github.com/bestbeforetoday/fabric-chaincode-go/v2/shim/internal/config.go:70.17,72.4 1 0
github.com/bestbeforetoday/fabric-chaincode-go/v2/shim/internal/config.go:73.8,75.17 2 7
github.com/bestbeforetoday/fabric-chaincode-go/v2/shim/internal/config.go:75.17,77.4 1 1
github.com/bestbeforetoday/fabric-chaincode-go/v2/shim/internal/config.go:78.3,79.17 2 6
github.com/bestbeforetoday/fabric-chaincode-go/v2/shim/internal/config.go:79.17,81.4 1 1
github.com/bestbeforetoday/fabric-chaincode-go/v2/shim/internal/config.go:84.2,85.16 2 10
github.com/bestbeforetoday/fabric-chaincode-go/v2/shim/internal/config.go:85.16,87.3 1 1
github.com/bestbeforetoday/fabric-chaincode-go/v2/shim/internal/config.go:89.2,90.16 2 9
github.com/bestbeforetoday/fabric-chaincode-go/v2/shim/internal/config.go:90.16,92.3 1 5
github.com/bestbeforetoday/fabric-chaincode-go/v2/shim/internal/config.go:94.2,96.18 2 4
github.com/bestbeforetoday/fabric-chaincode-go/v2/shim/internal/config.go:100.80,101.16 1 14
github.com/bestbeforetoday/fabric-chaincode-go/v2/shim/internal/config.go:101.16,103.3 1 1
github.com/bestbeforetoday/fabric-chaincode-go/v2/shim/internal/config.go:105.2,105.17 1 13
github.com/bestbeforetoday/fabric-chaincode-go/v2/shim/internal/config.go:105.17,107.3 1 1
github.com/bestbeforetoday/fabric-chaincode-go/v2/shim/internal/config.go:109.2,109.30 1 12
github.com/bestbeforetoday/fabric-chaincode-go/v2/shim/internal/config.go:109.30,111.3 1 1
github.com/bestbeforetoday/fabric-chaincode-go/v2/shim/internal/config.go:113.2,114.16 2 11
github.com/bestbeforetoday/fabric-chaincode-go/v2/shim/internal/config.go:114.16,116.3 1 4
github.com/bestbeforetoday/fabric-chaincode-go/v2/shim/internal/config.go:118.2,119.17 2 7
github.com/bestbeforetoday/fabric-chaincode-go/v2/shim/internal/config.go:119.17,121.55 2 6
github.com/bestbeforetoday/fabric-chaincode-go/v2/shim/internal/config.go:121.55,123.4 1 1
github.com/bestbeforetoday/fabric-chaincode-go/v2/shim/internal/config.go:126.2,132.14 2 6
github.com/bestbeforetoday/fabric-chaincode-go/v2/shim/internal/config.go:132.14,142.26 4 2
github.com/bestbeforetoday/fabric-chaincode-go/v2/shim/internal/config.go:142.26,144.4 1 1
github.com/bestbeforetoday/fabric-chaincode-go/v2/shim/internal/config.go:145.8,147.3 1 4
github.com/bestbeforetoday/fabric-chaincode-go/v2/shim/internal/config.go:149.2,149.20 1 6
github.com/bestbeforetoday/fabric-chaincode-go/v2/shim/internal/server.go:31.32,32.23 1 6
github.com/bestbeforetoday/fabric-chaincode-go/v2/shim/internal/server.go:32.23,34.3 1 1
github.com/bestbeforetoday/fabric-chaincode-go/v2/shim/internal/server.go:36.2,36.21 1 5
github.com/bestbeforetoday/fabric-chaincode-go/v2/shim/internal/server.go:36.21,38.3 1 1
github.com/bestbeforetoday/fabric-chaincode-go/v2/shim/internal/server.go:40.2,40.35 1 4
github.com/bestbeforetoday/fabric-chaincode-go/v2/shim/internal/server.go:44.25,45.21 1 4
github.com/bestbeforetoday/fabric-chaincode-go/v2/shim/internal/server.go:45.21,47.3 1 4
github.com/bestbeforetoday/fabric-chaincode-go/v2/shim/internal/server.go:56.20,57.19 1 7
github.com/bestbeforetoday/fabric-chaincode-go/v2/shim/internal/server.go:57.19,59.3 1 1
github.com/bestbeforetoday/fabric-chaincode-go/v2/shim/internal/server.go:62.2,63.16 2 6
github.com/bestbeforetoday/fabric-chaincode-go/v2/shim/internal/server.go:63.16,65.3 1 2
github.com/bestbeforetoday/fabric-chaincode-go/v2/shim/internal/server.go:68.2,70.22 2 4
github.com/bestbeforetoday/fabric-chaincode-go/v2/shim/internal/server.go:70.22,72.3 1 0
github.com/bestbeforetoday/fabric-chaincode-go/v2/shim/internal/server.go:72.8,78.3 2 4
github.com/bestbeforetoday/fabric-chaincode-go/v2/shim/internal/server.go:80.2,80.20 1 4
github.com/bestbeforetoday/fabric-chaincode-go/v2/shim/internal/server.go:80.20,82.3 1 4
github.com/bestbeforetoday/fabric-chaincode-go/v2/shim/internal/server.go:89.2,105.57 7 4
